
Showing logs for build [32mcb-kubecd-environment-pr-579-9-l5jqt-1[0m stage [32mfrom-build-pack[0m and container [32mstep-credential-initializer-56tlz[0m
{"level":"info","ts":1593189504.8663554,"logger":"fallback-logger","caller":"logging/config.go:69","msg":"Fetch GitHub commit ID from kodata failed: open /var/run/ko/refs/heads/0.8.0-ns-support: no such file or directory"}
{"level":"info","ts":1593189504.867135,"logger":"fallback-logger","caller":"creds-init/main.go:40","msg":"Credentials initialized."}

Showing logs for build [32mcb-kubecd-environment-pr-579-9-l5jqt-1[0m stage [32mfrom-build-pack[0m and container [32mstep-working-dir-initializer-9p5mj[0m
{"level":"info","ts":1593189506.2288644,"logger":"fallback-logger","caller":"logging/config.go:69","msg":"Fetch GitHub commit ID from kodata failed: open /var/run/ko/HEAD: no such file or directory"}
{"level":"info","ts":1593189506.2306256,"logger":"fallback-logger","caller":"bash/main.go:64","msg":"Successfully executed command \"sh -c mkdir -p /workspace/source\"; output "}

Showing logs for build [32mcb-kubecd-environment-pr-579-9-l5jqt-1[0m stage [32mfrom-build-pack[0m and container [32mstep-place-tools[0m

Showing logs for build [32mcb-kubecd-environment-pr-579-9-l5jqt-1[0m stage [32mfrom-build-pack[0m and container [32mstep-git-source-cb-kubecd-environment-pr-579-9-l5jqt-f7v82[0m
{"level":"info","ts":1593189512.4039907,"logger":"fallback-logger","caller":"logging/config.go:69","msg":"Fetch GitHub commit ID from kodata failed: open /var/run/ko/refs/heads/0.8.0-ns-support: no such file or directory"}
{"level":"info","ts":1593189513.4543602,"logger":"fallback-logger","caller":"git/git.go:103","msg":"Successfully cloned https://github.com/cb-kubecd/environment-pr-579-9-bdd-frontend-staging.git @ master in path /workspace/source"}

Showing logs for build [32mcb-kubecd-environment-pr-579-9-l5jqt-1[0m stage [32mfrom-build-pack[0m and container [32mstep-setup-builder-home[0m

Showing logs for build [32mcb-kubecd-environment-pr-579-9-l5jqt-1[0m stage [32mfrom-build-pack[0m and container [32mstep-git-merge[0m
Using SHAs from PULL_REFS=master:025bb711088161e7180e1ce381a592db68dc307b,1:544bf557e8fc0eeb0f7333a043b9447db3e32e3b
DEBUG: LC_ALL=C JX_LOG_LEVEL=error git fetch origin --unshallow 544bf557e8fc0eeb0f7333a043b9447db3e32e3b: 025bb711088161e7180e1ce381a592db68dc307b:
DEBUG: ran git fetch --unshallow origin 544bf557e8fc0eeb0f7333a043b9447db3e32e3b: 025bb711088161e7180e1ce381a592db68dc307b: in 
DEBUG: LC_ALL=C JX_LOG_LEVEL=error git branch
DEBUG: JX_LOG_LEVEL=error LC_ALL=C git checkout master
DEBUG: ran git checkout master in 
DEBUG: LC_ALL=C JX_LOG_LEVEL=error git reset --hard 025bb711088161e7180e1ce381a592db68dc307b
DEBUG: ran git reset --hard 025bb711088161e7180e1ce381a592db68dc307b in 
DEBUG: LC_ALL=C JX_LOG_LEVEL=error git clean -fd .
DEBUG: ran clean --force -d . in 
DEBUG: LC_ALL=C JX_LOG_LEVEL=error git merge 544bf557e8fc0eeb0f7333a043b9447db3e32e3b
DEBUG: ran git merge 544bf557e8fc0eeb0f7333a043b9447db3e32e3b in 
DEBUG: LC_ALL=C JX_LOG_LEVEL=error git log --format=%H%x1f%an%x1f%ae%x1f%cn%x1f%ce%x1f%s%n%b%x1e 025bb711088161e7180e1ce381a592db68dc307b..HEAD
Merged SHA 544bf557e8fc0eeb0f7333a043b9447db3e32e3b with commit message 'chore: Promote bdd-nh-1593188431 to version 0.0.1' into base branch master

Showing logs for build [32mcb-kubecd-environment-pr-579-9-l5jqt-1[0m stage [32mfrom-build-pack[0m and container [32mstep-build-helm-build[0m
WARNING: No $CHART_REPOSITORY defined so using the default value of: http://jenkins-x-chartmuseum:8080
Adding missing Helm repo: storage.googleapis.com https://storage.googleapis.com/chartmuseum.jenkins-x.io
WARNING: No secrets found on "helm/repos" due: reading the secret "helm/repos" from vault: no secret "helm/repos" not found in vault
Read credentials for https://storage.googleapis.com/chartmuseum.jenkins-x.io from vault helm/repos
Successfully added Helm repository storage.googleapis.com.
Adding missing Helm repo: jenkins-x-chartmuseum http://jenkins-x-chartmuseum:8080
WARNING: No secrets found on "helm/repos" due: reading the secret "helm/repos" from vault: no secret "helm/repos" not found in vault
Read credentials for http://jenkins-x-chartmuseum:8080 from vault helm/repos
Successfully added Helm repository jenkins-x-chartmuseum.
WARNING: No $CHART_REPOSITORY defined so using the default value of: http://jenkins-x-chartmuseum:8080
Adding missing Helm repo: chartmuseum.jenkins-x.io http://chartmuseum.jenkins-x.io
WARNING: No secrets found on "helm/repos" due: reading the secret "helm/repos" from vault: no secret "helm/repos" not found in vault
Read credentials for http://chartmuseum.jenkins-x.io from vault helm/repos
Successfully added Helm repository chartmuseum.jenkins-x.io.
